<?xml version="1.0" encoding="UTF-8" standalone="no"?>
<testsuite errors="0" failures="1" name="io.cucumber.core.plugin.JUnitFormatter" skipped="0" tests="5" time="5.763">
    <testcase classname="BBC New Home Page and Sign In Menu Web elements checks" name="BBC News home paga sign in icon and sub sections element test" time="3.028">
        <system-out>
            <![CDATA[Given user go to bbc News home page.........................................passed
When on the news home page check sign in icon...............................passed
And check sub sections of Home "England"....................................passed
]]>
        </system-out>
    </testcase>
    <testcase classname="BBC New Home Page and Sign In Menu Web elements checks" name="BBC News home paga sign in icon and sub sections element test 2" time="0.543">
        <system-out>
            <![CDATA[Given user go to bbc News home page.........................................passed
When on the news home page check sign in icon...............................passed
And check sub sections of Home "N. Ireland".................................passed
]]>
        </system-out>
    </testcase>
    <testcase classname="BBC New Home Page and Sign In Menu Web elements checks" name="BBC News home paga sign in icon and sub sections element test 3" time="0.546">
        <system-out>
            <![CDATA[Given user go to bbc News home page.........................................passed
When on the news home page check sign in icon...............................passed
And check sub sections of Home "Scotland"...................................passed
]]>
        </system-out>
    </testcase>
    <testcase classname="BBC New Home Page and Sign In Menu Web elements checks" name="Sign in page webElement checks" time="0.874">
        <system-out>
            <![CDATA[And Click on the Sign In icon and assert the following on the page check webElements.passed
]]>
        </system-out>
    </testcase>
    <testcase classname="BBC New Home Page and Sign In Menu Web elements checks" name="Passowrd field defined value entered and test" time="0.621">
        <failure message="expected:&lt;So[mething’s missing. Please check and try again].&gt; but was:&lt;So[rry, that password isn't valid. Please include a letter].&gt;" type="org.junit.ComparisonFailure">
            <![CDATA[When Enter a password of "@@££@@££" in the password field and click Sign In.passed
Then get respond this message "Something’s missing. Please check and try again." or "Sorry, that password is too short. It needs to be eight characters or more.".failed

StackTrace:
org.junit.ComparisonFailure: expected:<So[mething’s missing. Please check and try again].> but was:<So[rry, that password isn't valid. Please include a letter].>
	at org.junit.Assert.assertEquals(Assert.java:117)
	at org.junit.Assert.assertEquals(Assert.java:146)
	at com.i6.step_definitions.bbcNewPageStepDefs.get_respond_this_message_or(bbcNewPageStepDefs.java:70)
	at ✽.get respond this message "Something’s missing. Please check and try again." or "Sorry, that password is too short. It needs to be eight characters or more."(file:///C:/Users/Polipost/Desktop/i6TechnicalExercise/src/test/resources/features/bbcPage.feature:20)
]]>
        </failure>
    </testcase>
</testsuite>
