<?xml version="1.0" encoding="UTF-8" standalone="no"?>
<testsuite errors="0" failures="1" name="io.cucumber.core.plugin.JUnitFormatter" skipped="0" tests="1" time="4.688">
    <testcase classname="Unknown" name="_2" time="4.554">
        <failure message="expected:&lt;So[mething’s missing. Please check and try again].&gt; but was:&lt;So[rry, that password isn't valid. Please include a letter].&gt;" type="org.junit.ComparisonFailure">
            <![CDATA[Given user go to bbc News home page.........................................passed
When on the news home page check sign in icon and check sub sections of Home text England N.Ireland and Scotland.passed
And Click on the Sign In icon and assert the following on the page Email or Username Password Sign in Need help signing in?.passed
And Enter a password of "@@££@@££" in the password field and click Sign In..passed
Then get respond this message "Something’s missing. Please check and try again." and "Sorry, that password is too short. It needs to be eight characters or more.".failed

StackTrace:
org.junit.ComparisonFailure: expected:<So[mething’s missing. Please check and try again].> but was:<So[rry, that password isn't valid. Please include a letter].>
	at org.junit.Assert.assertEquals(Assert.java:117)
	at org.junit.Assert.assertEquals(Assert.java:146)
	at com.i6.step_definitions.bbcNewPageStepDefs.get_respond_this_message_and(bbcNewPageStepDefs.java:55)
	at ✽.get respond this message "Something’s missing. Please check and try again." and "Sorry, that password is too short. It needs to be eight characters or more."(file:///C:/Users/Polipost/Desktop/i6TechnicalExercise/src/test/resources/features/bbcPage.feature:20)
]]>
        </failure>
    </testcase>
</testsuite>
